0 info it worked if it ends with ok
1 verbose cli [ 'node', '/usr/local/bin/npm', 'install', 'lesss' ]
2 info using npm@1.4.28
3 info using node@v0.10.33
4 verbose readDependencies using package.json deps
5 verbose cache add [ 'lesss', null ]
6 verbose cache add name=undefined spec="lesss" args=["lesss",null]
7 verbose parsed url { protocol: null,
7 verbose parsed url   slashes: null,
7 verbose parsed url   auth: null,
7 verbose parsed url   host: null,
7 verbose parsed url   port: null,
7 verbose parsed url   hostname: null,
7 verbose parsed url   hash: null,
7 verbose parsed url   search: null,
7 verbose parsed url   query: null,
7 verbose parsed url   pathname: 'lesss',
7 verbose parsed url   path: 'lesss',
7 verbose parsed url   href: 'lesss' }
8 silly lockFile 83dbcb7f-lesss lesss
9 verbose lock lesss /Users/kienhoang/.npm/83dbcb7f-lesss.lock
10 silly lockFile 83dbcb7f-lesss lesss
11 silly lockFile 83dbcb7f-lesss lesss
12 verbose addNamed [ 'lesss', '' ]
13 verbose addNamed [ null, '*' ]
14 silly lockFile 6112b21e-lesss lesss@
15 verbose lock lesss@ /Users/kienhoang/.npm/6112b21e-lesss.lock
16 silly addNameRange { name: 'lesss', range: '*', hasData: false }
17 verbose request where is /lesss
18 verbose request registry https://registry.npmjs.org/
19 verbose request id f8ac40ce4bf2e9f0
20 verbose url raw /lesss
21 verbose url resolving [ 'https://registry.npmjs.org/', './lesss' ]
22 verbose url resolved https://registry.npmjs.org/lesss
23 verbose request where is https://registry.npmjs.org/lesss
24 info trying registry request attempt 1 at 21:13:56
25 http GET https://registry.npmjs.org/lesss
26 http 404 https://registry.npmjs.org/lesss
27 verbose headers { date: 'Tue, 02 Dec 2014 02:13:56 GMT',
27 verbose headers   server: 'CouchDB/1.5.0 (Erlang OTP/R16B03)',
27 verbose headers   'content-type': 'application/json',
27 verbose headers   'cache-control': 'max-age=0',
27 verbose headers   'content-length': '52',
27 verbose headers   'accept-ranges': 'bytes',
27 verbose headers   via: '1.1 varnish',
27 verbose headers   age: '0',
27 verbose headers   'x-served-by': 'cache-atl6229-ATL',
27 verbose headers   'x-cache': 'MISS',
27 verbose headers   'x-cache-hits': '0',
27 verbose headers   'x-timer': 'S1417486436.462923,VS0,VE25',
27 verbose headers   'keep-alive': 'timeout=10, max=50',
27 verbose headers   connection: 'Keep-Alive' }
28 silly registry.get cb [ 404,
28 silly registry.get   { date: 'Tue, 02 Dec 2014 02:13:56 GMT',
28 silly registry.get     server: 'CouchDB/1.5.0 (Erlang OTP/R16B03)',
28 silly registry.get     'content-type': 'application/json',
28 silly registry.get     'cache-control': 'max-age=0',
28 silly registry.get     'content-length': '52',
28 silly registry.get     'accept-ranges': 'bytes',
28 silly registry.get     via: '1.1 varnish',
28 silly registry.get     age: '0',
28 silly registry.get     'x-served-by': 'cache-atl6229-ATL',
28 silly registry.get     'x-cache': 'MISS',
28 silly registry.get     'x-cache-hits': '0',
28 silly registry.get     'x-timer': 'S1417486436.462923,VS0,VE25',
28 silly registry.get     'keep-alive': 'timeout=10, max=50',
28 silly registry.get     connection: 'Keep-Alive' } ]
29 silly lockFile 6112b21e-lesss lesss@
30 silly lockFile 6112b21e-lesss lesss@
31 error 404 404 Not Found: lesss
31 error 404
31 error 404 'lesss' is not in the npm registry.
31 error 404 You should bug the author to publish it
31 error 404 It was specified as a dependency of 'Frankenstein'
31 error 404
31 error 404 Note that you can also install from a
31 error 404 tarball, folder, or http url, or git url.
32 error System Darwin 14.0.0
33 error command "node" "/usr/local/bin/npm" "install" "lesss"
34 error cwd /Users/kienhoang/Desktop/Frankenstein
35 error node -v v0.10.33
36 error npm -v 1.4.28
37 error code E404
38 verbose exit [ 1, true ]
